GROUP,PACKAGE,CLASS,INSTRUCTION_MISSED,INSTRUCTION_COVERED,BRANCH_MISSED,BRANCH_COVERED,LINE_MISSED,LINE_COVERED,COMPLEXITY_MISSED,COMPLEXITY_COVERED,METHOD_MISSED,METHOD_COVERED
CS410J Phone Bill Project,edu.pdx.cs410J.gharini,SameCallerAndCalleeException,3,4,0,0,2,2,1,1,1,1
CS410J Phone Bill Project,edu.pdx.cs410J.gharini,InvalidPhoneNumberException,3,4,0,0,2,2,1,1,1,1
CS410J Phone Bill Project,edu.pdx.cs410J.gharini,InvalidNumberOfArgumentsException,3,4,0,0,2,2,1,1,1,1
CS410J Phone Bill Project,edu.pdx.cs410J.gharini,TextParser,38,0,0,0,10,0,2,0,2,0
CS410J Phone Bill Project,edu.pdx.cs410J.gharini,TextDumper,87,0,0,0,26,0,2,0,2,0
CS410J Phone Bill Project,edu.pdx.cs410J.gharini,PhoneCall,50,0,0,0,16,0,8,0,8,0
CS410J Phone Bill Project,edu.pdx.cs410J.gharini,InvalidArgumentFormatException,3,4,0,0,2,2,1,1,1,1
CS410J Phone Bill Project,edu.pdx.cs410J.gharini,FileException,7,0,0,0,4,0,2,0,2,0
CS410J Phone Bill Project,edu.pdx.cs410J.gharini,FileHelper,492,0,54,0,126,0,36,0,9,0
CS410J Phone Bill Project,edu.pdx.cs410J.gharini,InvalidDateAndTimeException,3,4,0,0,2,2,1,1,1,1
CS410J Phone Bill Project,edu.pdx.cs410J.gharini,Project3,362,0,32,0,100,0,18,0,2,0
CS410J Phone Bill Project,edu.pdx.cs410J.gharini,PhoneBill,23,0,0,0,8,0,4,0,4,0
CS410J Phone Bill Project,edu.pdx.cs410J.gharini,PhoneCallHelper,440,0,52,0,108,0,42,0,16,0
CS410J Phone Bill Project,edu.pdx.cs410J.gharini,InvalidOptionException,3,4,0,0,2,2,1,1,1,1
CS410J Phone Bill Project,edu.pdx.cs410J.gharini,test,25,0,0,0,8,0,2,0,2,0
