GROUP,PACKAGE,CLASS,INSTRUCTION_MISSED,INSTRUCTION_COVERED,BRANCH_MISSED,BRANCH_COVERED,LINE_MISSED,LINE_COVERED,COMPLEXITY_MISSED,COMPLEXITY_COVERED,METHOD_MISSED,METHOD_COVERED
Phone Bill Web/REST Project,edu.pdx.cs410J.gharini,SameCallerAndCalleeException,7,0,0,0,4,0,2,0,2,0
Phone Bill Web/REST Project,edu.pdx.cs410J.gharini,InvalidPhoneNumberException,7,0,0,0,4,0,2,0,2,0
Phone Bill Web/REST Project,edu.pdx.cs410J.gharini,InvalidNumberOfArgumentsException,7,0,0,0,4,0,2,0,2,0
Phone Bill Web/REST Project,edu.pdx.cs410J.gharini,TextParser,38,0,0,0,10,0,2,0,2,0
Phone Bill Web/REST Project,edu.pdx.cs410J.gharini,TextDumper,101,0,0,0,27,0,2,0,2,0
Phone Bill Web/REST Project,edu.pdx.cs410J.gharini,PhoneBillRestClient.PhoneBillRestException,8,0,0,0,3,0,1,0,1,0
Phone Bill Web/REST Project,edu.pdx.cs410J.gharini,PhoneCall,93,0,8,0,28,0,13,0,9,0
Phone Bill Web/REST Project,edu.pdx.cs410J.gharini,InvalidArgumentFormatException,7,0,0,0,4,0,2,0,2,0
Phone Bill Web/REST Project,edu.pdx.cs410J.gharini,FileException,7,0,0,0,4,0,2,0,2,0
Phone Bill Web/REST Project,edu.pdx.cs410J.gharini,PrettyPrinter,62,0,0,0,22,0,4,0,4,0
Phone Bill Web/REST Project,edu.pdx.cs410J.gharini,Messages,7,121,1,5,3,20,3,9,2,7
Phone Bill Web/REST Project,edu.pdx.cs410J.gharini,Messages.new Map.Entry() {...},5,24,0,2,1,6,1,4,1,3
Phone Bill Web/REST Project,edu.pdx.cs410J.gharini,Project4,62,141,4,16,22,44,6,9,3,2
Phone Bill Web/REST Project,edu.pdx.cs410J.gharini,PhoneBillRestClient,6,116,1,1,1,19,1,7,0,7
Phone Bill Web/REST Project,edu.pdx.cs410J.gharini,FileHelper,517,0,52,0,130,0,38,0,12,0
Phone Bill Web/REST Project,edu.pdx.cs410J.gharini,InvalidDateAndTimeException,7,0,0,0,4,0,2,0,2,0
Phone Bill Web/REST Project,edu.pdx.cs410J.gharini,PhoneBillServlet,153,0,10,0,49,0,14,0,9,0
Phone Bill Web/REST Project,edu.pdx.cs410J.gharini,Project3,441,0,46,0,121,0,25,0,2,0
Phone Bill Web/REST Project,edu.pdx.cs410J.gharini,PhoneBill,23,0,0,0,8,0,4,0,4,0
Phone Bill Web/REST Project,edu.pdx.cs410J.gharini,PhoneCallHelper,587,0,82,0,131,0,59,0,18,0
Phone Bill Web/REST Project,edu.pdx.cs410J.gharini,InvalidOptionException,7,0,0,0,4,0,2,0,2,0
