<?xml version="1.0" encoding="UTF-8"?>
<testsuite xmlns:xsi="http://www.w3.org/2001/XMLSchema-instance" xsi:noNamespaceSchemaLocation="https://maven.apache.org/surefire/maven-failsafe-plugin/xsd/failsafe-test-report.xsd" name="edu.pdx.cs410J.gharini.Project1IT" time="0.134" tests="8" errors="0" skipped="0" failures="0">
  <properties>
[...]
</properties>
  <testcase name="testValidPhoneNumberFormat1" classname="edu.pdx.cs410J.gharini.Project1IT" time="0.053"/>
  <testcase name="testValidPhoneNumberFormat2" classname="edu.pdx.cs410J.gharini.Project1IT" time="0"/>
  <testcase name="testNoCommandLineArguments" classname="edu.pdx.cs410J.gharini.Project1IT" time="0.001"/>
  <testcase name="testOptionsFormat" classname="edu.pdx.cs410J.gharini.Project1IT" time="0.015"/>
  <testcase name="testValidDateFormat1" classname="edu.pdx.cs410J.gharini.Project1IT" time="0.01"/>
  <testcase name="testValidDateFormat2" classname="edu.pdx.cs410J.gharini.Project1IT" time="0.002"/>
  <testcase name="testValidTimeFormat" classname="edu.pdx.cs410J.gharini.Project1IT" time="0.001"/>
  <testcase name="testTooManyCommandLineArguments" classname="edu.pdx.cs410J.gharini.Project1IT" time="0"/>
</testsuite>